<?xml version="1.0" encoding="UTF-8"?>
<!-- Generated by org.testng.reporters.JUnitReportReporter -->
<testsuite hostname="DESKTOP-JAS0CHU" failures="0" tests="1" name="Testng.SecondClass" time="0.012" errors="0" timestamp="2025-01-26T14:44:56 IST" skipped="0">
  <testcase classname="Testng.SecondClass" name="fourthTEstcase" time="0.012"/>
</testsuite> <!-- Testng.SecondClass -->
