<?xml version="1.0" encoding="UTF-8"?>
<!-- Generated by org.testng.reporters.JUnitReportReporter -->
<testsuite hostname="DESKTOP-JAS0CHU" failures="0" tests="2" name="Testcases.MakeMyTrip" time="10.575" errors="0" timestamp="2025-01-26T15:43:04 IST" skipped="0">
  <testcase classname="Testcases.MakeMyTrip" name="ValidFlightSearchTestcase" time="7.317"/>
  <testcase classname="Testcases.MakeMyTrip" name="FlightSearchWithSameCityTestcase" time="3.258"/>
</testsuite> <!-- Testcases.MakeMyTrip -->
